c:\users\keith\documents\des\avltree\avltree\debug\avltree.pch
c:\users\keith\documents\des\avltree\avltree\debug\vc140.pdb
c:\users\keith\documents\des\avltree\avltree\debug\vc140.idb
c:\users\keith\documents\des\avltree\avltree\debug\stdafx.obj
c:\users\keith\documents\des\avltree\avltree\debug\avltree.obj
c:\users\keith\documents\des\avltree\debug\avltree.ilk
c:\users\keith\documents\des\avltree\debug\avltree.exe
c:\users\keith\documents\des\avltree\debug\avltree.pdb
c:\users\keith\documents\college_year3\des\avltree\avltree\debug\avltree.obj
c:\users\keith\documents\college_year3\des\avltree\avltree\debug\stdafx.obj
c:\users\keith\documents\college_year3\des\avltree\avltree\debug\avltree.pch
c:\users\keith\documents\college_year3\des\avltree\avltree\debug\vc140.idb
c:\users\keith\documents\college_year3\des\avltree\avltree\debug\vc140.pdb
c:\users\keith\documents\college_year3\des\avltree\debug\avltree.pdb
c:\users\keith\documents\college_year3\des\avltree\debug\avltree.exe
c:\users\keith\documents\college_year3\des\avltree\debug\avltree.ilk
c:\users\keith\documents\college_year3\des\avltree\avltree\debug\avltree.tlog\cl.command.1.tlog
c:\users\keith\documents\college_year3\des\avltree\avltree\debug\avltree.tlog\cl.read.1.tlog
c:\users\keith\documents\college_year3\des\avltree\avltree\debug\avltree.tlog\cl.write.1.tlog
c:\users\keith\documents\college_year3\des\avltree\avltree\debug\avltree.tlog\link.command.1.tlog
c:\users\keith\documents\college_year3\des\avltree\avltree\debug\avltree.tlog\link.read.1.tlog
c:\users\keith\documents\college_year3\des\avltree\avltree\debug\avltree.tlog\link.write.1.tlog
